<?xml version="1.0" encoding="UTF-8"?>
<testng-results ignored="4" total="8" passed="3" failed="1" skipped="0">
  <reporter-output>
  </reporter-output>
  <suite started-at="2024-10-15T11:56:12 EDT" name="Default suite" finished-at="2024-10-15T11:56:42 EDT" duration-ms="30085">
    <groups>
    </groups>
    <test started-at="2024-10-15T11:56:12 EDT" name="Default test" finished-at="2024-10-15T11:56:42 EDT" duration-ms="30085">
      <class name="com.naveenlabs.PageTests.AccountLoginPageTest">
        <test-method is-config="true" signature="setUpLogger()[pri:0, instance:com.naveenlabs.PageTests.AccountLoginPageTest@18271936]" started-at="2024-10-15T11:56:12 EDT" name="setUpLogger" finished-at="2024-10-15T11:56:12 EDT" duration-ms="550" status="PASS">
          <reporter-output>
          </reporter-output>
        </test-method> <!-- setUpLogger -->
        <test-method is-config="true" signature="setup()[pri:0, instance:com.naveenlabs.PageTests.AccountLoginPageTest@18271936]" started-at="2024-10-15T11:56:12 EDT" name="setup" finished-at="2024-10-15T11:56:20 EDT" duration-ms="7732" status="PASS">
          <reporter-output>
          </reporter-output>
        </test-method> <!-- setup -->
        <test-method signature="LoginWithValidCredentials()[pri:0, instance:com.naveenlabs.PageTests.AccountLoginPageTest@18271936]" started-at="2024-10-15T11:56:20 EDT" name="LoginWithValidCredentials" finished-at="2024-10-15T11:56:22 EDT" duration-ms="2229" status="PASS">
          <reporter-output>
          </reporter-output>
        </test-method> <!-- LoginWithValidCredentials -->
        <test-method is-config="true" signature="closeBrowser()[pri:0, instance:com.naveenlabs.PageTests.AccountLoginPageTest@18271936]" started-at="2024-10-15T11:56:22 EDT" name="closeBrowser" finished-at="2024-10-15T11:56:23 EDT" duration-ms="414" status="PASS">
          <reporter-output>
          </reporter-output>
        </test-method> <!-- closeBrowser -->
        <test-method is-config="true" signature="setup()[pri:0, instance:com.naveenlabs.PageTests.AccountLoginPageTest@18271936]" started-at="2024-10-15T11:56:25 EDT" name="setup" finished-at="2024-10-15T11:56:27 EDT" duration-ms="2272" status="PASS">
          <reporter-output>
          </reporter-output>
        </test-method> <!-- setup -->
        <test-method signature="LoginWithValidCredentials(java.lang.String,java.lang.String)[pri:0, instance:com.naveenlabs.PageTests.AccountLoginPageTest@18271936]" started-at="2024-10-15T11:56:27 EDT" name="LoginWithValidCredentials" data-provider="Book1" finished-at="2024-10-15T11:56:30 EDT" duration-ms="3152" status="PASS">
          <params>
            <param index="0">
              <value>
                <![CDATA[example1@email.com]]>
              </value>
            </param>
            <param index="1">
              <value>
                <![CDATA[abc123]]>
              </value>
            </param>
          </params>
          <reporter-output>
          </reporter-output>
        </test-method> <!-- LoginWithValidCredentials -->
        <test-method is-config="true" signature="closeBrowser()[pri:0, instance:com.naveenlabs.PageTests.AccountLoginPageTest@18271936]" started-at="2024-10-15T11:56:30 EDT" name="closeBrowser" finished-at="2024-10-15T11:56:31 EDT" duration-ms="395" status="PASS">
          <reporter-output>
          </reporter-output>
        </test-method> <!-- closeBrowser -->
        <test-method is-config="true" signature="setup()[pri:0, instance:com.naveenlabs.PageTests.AccountLoginPageTest@18271936]" started-at="2024-10-15T11:56:31 EDT" name="setup" finished-at="2024-10-15T11:56:35 EDT" duration-ms="3794" status="PASS">
          <reporter-output>
          </reporter-output>
        </test-method> <!-- setup -->
        <test-method signature="LoginWithValidCredentials(java.lang.String,java.lang.String)[pri:0, instance:com.naveenlabs.PageTests.AccountLoginPageTest@18271936]" started-at="2024-10-15T11:56:35 EDT" name="LoginWithValidCredentials" data-provider="Book1" finished-at="2024-10-15T11:56:36 EDT" duration-ms="1366" status="PASS">
          <params>
            <param index="0">
              <value>
                <![CDATA[mail@domain.com]]>
              </value>
            </param>
            <param index="1">
              <value>
                <![CDATA[abc123]]>
              </value>
            </param>
          </params>
          <reporter-output>
          </reporter-output>
        </test-method> <!-- LoginWithValidCredentials -->
        <test-method is-config="true" signature="closeBrowser()[pri:0, instance:com.naveenlabs.PageTests.AccountLoginPageTest@18271936]" started-at="2024-10-15T11:56:36 EDT" name="closeBrowser" finished-at="2024-10-15T11:56:36 EDT" duration-ms="388" status="PASS">
          <reporter-output>
          </reporter-output>
        </test-method> <!-- closeBrowser -->
        <test-method is-config="true" signature="setup()[pri:0, instance:com.naveenlabs.PageTests.AccountLoginPageTest@18271936]" started-at="2024-10-15T11:56:36 EDT" name="setup" finished-at="2024-10-15T11:56:40 EDT" duration-ms="3710" status="PASS">
          <reporter-output>
          </reporter-output>
        </test-method> <!-- setup -->
        <test-method signature="LoginWithValidCredentials(java.lang.String,java.lang.String)[pri:0, instance:com.naveenlabs.PageTests.AccountLoginPageTest@18271936]" started-at="2024-10-15T11:56:40 EDT" name="LoginWithValidCredentials" data-provider="Book1" finished-at="2024-10-15T11:56:41 EDT" duration-ms="1196" status="FAIL">
          <params>
            <param index="0">
              <value>
                <![CDATA[arshka@gmail.com]]>
              </value>
            </param>
            <param index="1">
              <value>
                <![CDATA[Pass123.]]>
              </value>
            </param>
          </params>
          <exception class="java.lang.AssertionError">
            <message>
              <![CDATA[expected [New Customer] but found [My Account]]]>
            </message>
            <full-stacktrace>
              <![CDATA[java.lang.AssertionError: expected [New Customer] but found [My Account]
at org.testng.Assert.fail(Assert.java:110)
at org.testng.Assert.failNotEquals(Assert.java:1413)
at org.testng.Assert.assertEqualsImpl(Assert.java:149)
at org.testng.Assert.assertEquals(Assert.java:131)
at org.testng.Assert.assertEquals(Assert.java:655)
at org.testng.Assert.assertEquals(Assert.java:665)
at com.naveenlabs.PageTests.AccountLoginPageTest.LoginWithValidCredentials(AccountLoginPageTest.java:38)
at java.base/jdk.internal.reflect.NativeMethodAccessorImpl.invoke0(Native Method)
at java.base/jdk.internal.reflect.NativeMethodAccessorImpl.invoke(NativeMethodAccessorImpl.java:77)
at java.base/jdk.internal.reflect.DelegatingMethodAccessorImpl.invoke(DelegatingMethodAccessorImpl.java:43)
at java.base/java.lang.reflect.Method.invoke(Method.java:568)
at org.testng.internal.invokers.MethodInvocationHelper.invokeMethod(MethodInvocationHelper.java:135)
at org.testng.internal.invokers.TestInvoker.invokeMethod(TestInvoker.java:673)
at org.testng.internal.invokers.TestInvoker.invokeTestMethod(TestInvoker.java:220)
at org.testng.internal.invokers.MethodRunner.runInSequence(MethodRunner.java:50)
at org.testng.internal.invokers.TestInvoker$MethodInvocationAgent.invoke(TestInvoker.java:945)
at org.testng.internal.invokers.TestInvoker.invokeTestMethods(TestInvoker.java:193)
at org.testng.internal.invokers.TestMethodWorker.invokeTestMethods(TestMethodWorker.java:146)
at org.testng.internal.invokers.TestMethodWorker.run(TestMethodWorker.java:128)
at java.base/java.util.ArrayList.forEach(ArrayList.java:1511)
at org.testng.TestRunner.privateRun(TestRunner.java:808)
at org.testng.TestRunner.run(TestRunner.java:603)
at org.testng.SuiteRunner.runTest(SuiteRunner.java:429)
at org.testng.SuiteRunner.runSequentially(SuiteRunner.java:423)
at org.testng.SuiteRunner.privateRun(SuiteRunner.java:383)
at org.testng.SuiteRunner.run(SuiteRunner.java:326)
at org.testng.SuiteRunnerWorker.runSuite(SuiteRunnerWorker.java:52)
at org.testng.SuiteRunnerWorker.run(SuiteRunnerWorker.java:95)
at org.testng.TestNG.runSuitesSequentially(TestNG.java:1249)
at org.testng.TestNG.runSuitesLocally(TestNG.java:1169)
at org.testng.TestNG.runSuites(TestNG.java:1092)
at org.testng.TestNG.run(TestNG.java:1060)
at org.testng.remote.AbstractRemoteTestNG.run(AbstractRemoteTestNG.java:115)
at org.testng.remote.RemoteTestNG.initAndRun(RemoteTestNG.java:293)
at org.testng.remote.RemoteTestNG.main(RemoteTestNG.java:91)
]]>
            </full-stacktrace>
          </exception> <!-- java.lang.AssertionError -->
          <reporter-output>
          </reporter-output>
        </test-method> <!-- LoginWithValidCredentials -->
        <test-method is-config="true" signature="closeBrowser()[pri:0, instance:com.naveenlabs.PageTests.AccountLoginPageTest@18271936]" started-at="2024-10-15T11:56:41 EDT" name="closeBrowser" finished-at="2024-10-15T11:56:42 EDT" duration-ms="471" status="PASS">
          <reporter-output>
          </reporter-output>
        </test-method> <!-- closeBrowser -->
      </class> <!-- com.naveenlabs.PageTests.AccountLoginPageTest -->
    </test> <!-- Default test -->
  </suite> <!-- Default suite -->
</testng-results>
